<?xml version="1.0" encoding="UTF-8"?>
<!-- Generated by org.testng.reporters.JUnitXMLReporter -->
<testsuite hostname="Nas" ignored="5" name="RegressionTest" tests="1" failures="0" timestamp="2022-05-13T22:55:28 EDT" time="43.293" errors="0">
  <testcase name="bmwTest" time="36.957" classname="progresive.qa.test.auto.AutoTestRobust"/>
  <testcase name="dependsOnMethod" time="0.0" classname="progresive.qa.test.auto.AutoTestRobust">
    <ignored/>
  </testcase> <!-- dependsOnMethod -->
  <testcase name="homeTest1" time="0.0" classname="progressive.qa.test.home.HomeTest">
    <ignored/>
  </testcase> <!-- homeTest1 -->
  <testcase name="jeepTest" time="0.0" classname="progresive.qa.test.auto.AutoTestRobust">
    <ignored/>
  </testcase> <!-- jeepTest -->
  <testcase name="homeTest2" time="0.0" classname="progressive.qa.test.home.HomeTest">
    <ignored/>
  </testcase> <!-- homeTest2 -->
  <testcase name="dependsOnGroups" time="0.0" classname="progresive.qa.test.auto.AutoTestRobust">
    <ignored/>
  </testcase> <!-- dependsOnGroups -->
</testsuite> <!-- RegressionTest -->
