<?xml version="1.0" encoding="UTF-8"?>
<!-- Generated by org.testng.reporters.JUnitXMLReporter -->
<testsuite hostname="Nas" ignored="1" name="Default test" tests="1" failures="0" timestamp="2022-05-10T22:44:09 EDT" time="42.042" errors="0">
  <testcase name="autoTestJeep" time="36.744" classname="progresive.qa.test.auto.AutoTest"/>
  <testcase name="autoTestBmw" time="0.0" classname="progresive.qa.test.auto.AutoTest">
    <ignored/>
  </testcase> <!-- autoTestBmw -->
</testsuite> <!-- Default test -->
