<?xml version="1.0" encoding="UTF-8"?>
<!-- Generated by org.testng.reporters.JUnitXMLReporter -->
<testsuite hostname="Nas" ignored="3" name="RegressionTest" tests="1" failures="1" timestamp="2022-05-12T23:03:51 EDT" time="0.067" errors="0">
  <testcase name="bmwTest" time="0.013" classname="progresive.qa.test.auto.AutoTestRobust">
    <failure type="java.lang.NullPointerException">
      <![CDATA[java.lang.NullPointerException
at progresive.qa.test.auto.AutoTestRobust.bmwTest(AutoTestRobust.java:11)
at java.util.ArrayList.forEach(ArrayList.java:1259)
... Removed 27 stack frames]]>
    </failure>
  </testcase> <!-- bmwTest -->
  <testcase name="autoTestBmw" time="0.0" classname="progresive.qa.test.auto.AutoTest">
    <ignored/>
  </testcase> <!-- autoTestBmw -->
  <testcase name="autoTestJeep" time="0.0" classname="progresive.qa.test.auto.AutoTest">
    <ignored/>
  </testcase> <!-- autoTestJeep -->
  <testcase name="jeepTest" time="0.0" classname="progresive.qa.test.auto.AutoTestRobust">
    <ignored/>
  </testcase> <!-- jeepTest -->
</testsuite> <!-- RegressionTest -->
