<?xml version="1.0" encoding="UTF-8"?>
<!-- Generated by org.testng.reporters.JUnitXMLReporter -->
<testsuite hostname="Nas" ignored="1" name="Test" tests="8" failures="2" timestamp="2022-06-07T16:58:23 EDT" time="32.886" errors="0">
  <testcase name="retryTest" time="0.008" classname="progresive.qa.test.auto.AutoTestHashMapDataProvider">
    <skipped/>
  </testcase> <!-- retryTest -->
  <testcase name="retryTest" time="0.001" classname="progresive.qa.test.auto.AutoTestHashMapDataProvider">
    <skipped/>
  </testcase> <!-- retryTest -->
  <testcase name="retryTest" time="0.001" classname="progresive.qa.test.auto.AutoTestHashMapDataProvider">
    <skipped/>
  </testcase> <!-- retryTest -->
  <testcase name="retryTest" time="0.002" classname="progresive.qa.test.auto.AutoTestHashMapDataProvider">
    <failure type="java.lang.AssertionError" message="null">
      <![CDATA[java.lang.AssertionError: null
at progresive.qa.test.auto.AutoTestHashMapDataProvider.retryTest(AutoTestHashMapDataProvider.java:40)
at java.util.ArrayList.forEach(ArrayList.java:1259)
... Removed 29 stack frames]]>
    </failure>
  </testcase> <!-- retryTest -->
  <testcase name="retryTest2" time="0.002" classname="progresive.qa.test.auto.AutoTestHashMapDataProvider">
    <skipped/>
  </testcase> <!-- retryTest2 -->
  <testcase name="retryTest2" time="0.001" classname="progresive.qa.test.auto.AutoTestHashMapDataProvider">
    <skipped/>
  </testcase> <!-- retryTest2 -->
  <testcase name="retryTest2" time="0.001" classname="progresive.qa.test.auto.AutoTestHashMapDataProvider">
    <skipped/>
  </testcase> <!-- retryTest2 -->
  <testcase name="retryTest2" time="0.002" classname="progresive.qa.test.auto.AutoTestHashMapDataProvider">
    <failure type="java.lang.AssertionError" message="null">
      <![CDATA[java.lang.AssertionError: null
at progresive.qa.test.auto.AutoTestHashMapDataProvider.retryTest2(AutoTestHashMapDataProvider.java:46)
at java.util.ArrayList.forEach(ArrayList.java:1259)
... Removed 29 stack frames]]>
    </failure>
  </testcase> <!-- retryTest2 -->
  <testcase name="autoTest" time="0.0" classname="progresive.qa.test.auto.AutoTestHashMapDataProvider">
    <ignored/>
  </testcase> <!-- autoTest -->
</testsuite> <!-- Test -->
