<?xml version="1.0" encoding="UTF-8"?>
<!-- Generated by org.testng.reporters.JUnitXMLReporter -->
<testsuite hostname="Nas" ignored="2" name="Test" tests="2" failures="0" timestamp="2022-05-19T23:13:07 EDT" time="73.598" errors="0">
  <testcase name="autoTest" time="27.15" classname="progresive.qa.test.auto.AutoTestExcelDataProvider"/>
  <testcase name="autoTest" time="35.746" classname="progresive.qa.test.auto.AutoTestExcelDataProvider"/>
  <testcase name="homeTest1" time="0.0" classname="progressive.qa.test.home.HomeTest">
    <ignored/>
  </testcase> <!-- homeTest1 -->
  <testcase name="homeTest2" time="0.0" classname="progressive.qa.test.home.HomeTest">
    <ignored/>
  </testcase> <!-- homeTest2 -->
</testsuite> <!-- Test -->
