<?xml version="1.0" encoding="UTF-8"?>
<!-- Generated by org.testng.reporters.JUnitXMLReporter -->
<testsuite hostname="Nas" ignored="6" name="TestChrome" tests="3" failures="0" timestamp="2022-05-17T23:07:03 EDT" time="89.929" errors="0">
  <testcase name="dependsOnMethod" time="0.008" classname="progresive.qa.test.auto.AutoTestRobust"/>
  <testcase name="jeepTestWithDataProviderClass" time="37.876" classname="progresive.qa.test.auto.AutoTestDataProviderClass"/>
  <testcase name="jeepTestWithDataProviderClass" time="38.113" classname="progresive.qa.test.auto.AutoTestDataProviderClass"/>
  <testcase name="bmwTest" time="0.0" classname="progresive.qa.test.auto.AutoTestRobust">
    <ignored/>
  </testcase> <!-- bmwTest -->
  <testcase name="homeTest1" time="0.0" classname="progressive.qa.test.home.HomeTest">
    <ignored/>
  </testcase> <!-- homeTest1 -->
  <testcase name="jeepTest" time="0.0" classname="progresive.qa.test.auto.AutoTestRobust">
    <ignored/>
  </testcase> <!-- jeepTest -->
  <testcase name="homeTest2" time="0.0" classname="progressive.qa.test.home.HomeTest">
    <ignored/>
  </testcase> <!-- homeTest2 -->
  <testcase name="bmwTestWithoutParam" time="0.0" classname="progresive.qa.test.auto.AutoTestRobust">
    <ignored/>
  </testcase> <!-- bmwTestWithoutParam -->
  <testcase name="dependsOnGroups" time="0.0" classname="progresive.qa.test.auto.AutoTestRobust">
    <ignored/>
  </testcase> <!-- dependsOnGroups -->
</testsuite> <!-- TestChrome -->
