<?xml version="1.0" encoding="UTF-8"?>
<!-- Generated by org.testng.reporters.JUnitXMLReporter -->
<testsuite hostname="Nas" ignored="4" name="Test" tests="2" failures="0" timestamp="2022-06-05T23:07:49 EDT" time="77.02" errors="0">
  <testcase name="autoTest" time="37.53" classname="progresive.qa.test.auto.AutoTestHashMapDataProvider"/>
  <testcase name="autoTest" time="26.261" classname="progresive.qa.test.auto.AutoTestHashMapDataProvider"/>
  <testcase name="@AfterSuite endReport" time="0.0" classname="base.BaseClass">
    <ignored/>
  </testcase> <!-- @AfterSuite endReport -->
  <testcase name="@BeforeSuite reportingInitiating" time="0.0" classname="base.BaseClass">
    <ignored/>
  </testcase> <!-- @BeforeSuite reportingInitiating -->
  <testcase name="homeTest1" time="0.0" classname="progressive.qa.test.home.HomeTest">
    <ignored/>
  </testcase> <!-- homeTest1 -->
  <testcase name="homeTest2" time="0.0" classname="progressive.qa.test.home.HomeTest">
    <ignored/>
  </testcase> <!-- homeTest2 -->
</testsuite> <!-- Test -->
