<?xml version="1.0" encoding="UTF-8"?>
<!-- Generated by org.testng.reporters.JUnitXMLReporter -->
<testsuite hostname="Nas" ignored="6" name="TestDefault" tests="1" failures="0" timestamp="2022-05-17T22:19:20 EDT" time="39.719" errors="0">
  <testcase name="bmwTestWithoutParam" time="35.975" classname="progresive.qa.test.auto.AutoTestRobust"/>
  <testcase name="bmwTest" time="0.0" classname="progresive.qa.test.auto.AutoTestRobust">
    <ignored/>
  </testcase> <!-- bmwTest -->
  <testcase name="dependsOnMethod" time="0.0" classname="progresive.qa.test.auto.AutoTestRobust">
    <ignored/>
  </testcase> <!-- dependsOnMethod -->
  <testcase name="jeepTest" time="0.0" classname="progresive.qa.test.auto.AutoTestRobust">
    <ignored/>
  </testcase> <!-- jeepTest -->
  <testcase name="homeTest2" time="0.0" classname="progressive.qa.test.home.HomeTest">
    <ignored/>
  </testcase> <!-- homeTest2 -->
  <testcase name="homeTest1" time="0.0" classname="progressive.qa.test.home.HomeTest">
    <ignored/>
  </testcase> <!-- homeTest1 -->
  <testcase name="dependsOnGroups" time="0.0" classname="progresive.qa.test.auto.AutoTestRobust">
    <ignored/>
  </testcase> <!-- dependsOnGroups -->
</testsuite> <!-- TestDefault -->
