<?xml version="1.0" encoding="UTF-8"?>
<testsuite xmlns:xsi="http://www.w3.org/2001/XMLSchema-instance" xsi:noNamespaceSchemaLocation="https://maven.apache.org/surefire/maven-surefire-plugin/xsd/surefire-test-report-3.0.xsd" version="3.0" name="TestSuite" time="78.537" tests="2" errors="0" skipped="0" failures="0">
  <properties>
[...]
</properties>
  <testcase name="autoTest[{Zip=11418, Is Ride Share?=false, Is Daytime Lamp=false, Address=12312 Liberty Avenue, First Name=Jahangir, Middle Name=M, Vehicle Model=CHEROKEE, P.O.Box=false, Priary Use=4TNC, Execution=Y, DOB=05/09/2000, Apt No=3A, Alarm Type=5, Body Type=SUV (4CYL 4X2), Vehicle Make=JEEP, City=Richmond Hill, Is Day Lamp Enabled?=false, Own Or Lease=3, Test Case Name=Good Credit, Owend Duration=E, Suffix=III, Test Case No=, Vehicle Year=2022, Last Name=Kabir}](1)" classname="progresive.qa.test.auto.AutoTestHashMapDataProvider" time="37.527">
    <system-out><![CDATA[Reporting Started...
]]></system-out>
    <system-err><![CDATA[SLF4J: No SLF4J providers were found.
SLF4J: Defaulting to no-operation (NOP) logger implementation
SLF4J: See http://www.slf4j.org/codes.html#noProviders for further details.
ERROR StatusLogger Log4j2 could not find a logging implementation. Please add log4j-core to the classpath. Using SimpleLogger to log to the console...
Starting ChromeDriver 102.0.5005.61 (0e59bcc00cc4985ce39ad31c150065f159d95ad3-refs/branch-heads/5005@{#819}) on port 54726
Only local connections are allowed.
Please see https://chromedriver.chromium.org/security-considerations for suggestions on keeping ChromeDriver safe.
ChromeDriver was started successfully.
Jun 05, 2022 11:06:38 PM org.openqa.selenium.remote.ProtocolHandshake createSession
INFO: Detected dialect: W3C
Jun 05, 2022 11:06:38 PM org.openqa.selenium.devtools.CdpVersionFinder findNearestMatch
WARNING: Unable to find an exact match for CDP version 102, so returning the closest version found: 99
Jun 05, 2022 11:06:38 PM org.openqa.selenium.devtools.CdpVersionFinder findNearestMatch
INFO: Found CDP implementation for version 102 of 99
Jun 05, 2022 11:06:40 PM reporting.Loggers log
INFO: Element is Cliking : [[ChromeDriver: chrome on WINDOWS (07fd2414b64f39842a47115221327222)] -> xpath: (//p[contains(text(),'Auto')])[1]]
Jun 05, 2022 11:06:40 PM reporting.Loggers log
INFO: [[ChromeDriver: chrome on WINDOWS (07fd2414b64f39842a47115221327222)] -> tag name: h1] has text : Welcome to Progressive
Jun 05, 2022 11:06:40 PM reporting.Loggers log
INFO: Actual : Welcome to Progressive<<<>>>Expeted : Welcome to Progressive
Jun 05, 2022 11:06:40 PM reporting.Loggers log
INFO: Current URL is : https://www.progressive.com/home/home/#l
Jun 05, 2022 11:06:40 PM reporting.Loggers log
INFO: 11418 : value passed to element : [[ChromeDriver: chrome on WINDOWS (07fd2414b64f39842a47115221327222)] -> xpath: (//*[@name='ZipCode'])[1]]
Jun 05, 2022 11:06:40 PM reporting.Loggers log
INFO: Current URL is : https://www.progressive.com/home/home/#l
Jun 05, 2022 11:06:41 PM reporting.Loggers log
INFO: Element is Cliking : [[ChromeDriver: chrome on WINDOWS (07fd2414b64f39842a47115221327222)] -> xpath: (//input[@name='qsButton'])[1]]
Jun 05, 2022 11:06:47 PM reporting.Loggers log
INFO: Jahangir : value passed to element : [[ChromeDriver: chrome on WINDOWS (07fd2414b64f39842a47115221327222)] -> id: NameAndAddressEdit_embedded_questions_list_FirstName]
Jun 05, 2022 11:06:47 PM reporting.Loggers log
INFO: M : value passed to element : [[ChromeDriver: chrome on WINDOWS (07fd2414b64f39842a47115221327222)] -> id: NameAndAddressEdit_embedded_questions_list_MiddleInitial]
Jun 05, 2022 11:06:47 PM reporting.Loggers log
INFO: Kabir : value passed to element : [[ChromeDriver: chrome on WINDOWS (07fd2414b64f39842a47115221327222)] -> id: NameAndAddressEdit_embedded_questions_list_LastName]
Jun 05, 2022 11:06:48 PM reporting.Loggers log
INFO: Sleeping for : 0.5 seconds zZzz..
Jun 05, 2022 11:06:48 PM reporting.Loggers log
INFO: III : value has been selected from the element : [[ChromeDriver: chrome on WINDOWS (07fd2414b64f39842a47115221327222)] -> id: NameAndAddressEdit_embedded_questions_list_Suffix]
Jun 05, 2022 11:06:48 PM reporting.Loggers log
INFO: 05/09/2000 : value passed to element : [[ChromeDriver: chrome on WINDOWS (07fd2414b64f39842a47115221327222)] -> id: NameAndAddressEdit_embedded_questions_list_DateOfBirth]
Jun 05, 2022 11:06:48 PM reporting.Loggers log
INFO: 12312 Liberty Avenue : value passed to element : [[ChromeDriver: chrome on WINDOWS (07fd2414b64f39842a47115221327222)] -> id: NameAndAddressEdit_embedded_questions_list_MailingAddress]
Jun 05, 2022 11:06:48 PM reporting.Loggers log
INFO: 3A : value passed to element : [[ChromeDriver: chrome on WINDOWS (07fd2414b64f39842a47115221327222)] -> id: NameAndAddressEdit_embedded_questions_list_ApartmentUnit]
Jun 05, 2022 11:06:49 PM reporting.Loggers log
INFO: Richmond Hill : value passed to element : [[ChromeDriver: chrome on WINDOWS (07fd2414b64f39842a47115221327222)] -> id: NameAndAddressEdit_embedded_questions_list_City]
Jun 05, 2022 11:06:49 PM reporting.Loggers log
INFO: [[ChromeDriver: chrome on WINDOWS (07fd2414b64f39842a47115221327222)] -> tag name: checkbox-input] : is Not selected
Jun 05, 2022 11:06:49 PM reporting.Loggers log
INFO: Element is Cliking : [[ChromeDriver: chrome on WINDOWS (07fd2414b64f39842a47115221327222)] -> class name: blue]
Jun 05, 2022 11:06:49 PM reporting.Loggers log
INFO: By.xpath: (//div[contains(.,'Required to continue')])[4] : Element is Present
Jun 05, 2022 11:06:49 PM reporting.Loggers log
INFO: Current URL is : https://autoinsurance1.progressivedirect.com/0/UQA/Quote/NameAndAddressEdit
Jun 05, 2022 11:06:49 PM reporting.Loggers log
INFO: 12312 Liberty Avenue : value passed to element : [[ChromeDriver: chrome on WINDOWS (07fd2414b64f39842a47115221327222)] -> id: NameAndAddressEdit_embedded_questions_list_MailingAddress]
Jun 05, 2022 11:06:49 PM reporting.Loggers log
INFO: 3A : value passed to element : [[ChromeDriver: chrome on WINDOWS (07fd2414b64f39842a47115221327222)] -> id: NameAndAddressEdit_embedded_questions_list_ApartmentUnit]
Jun 05, 2022 11:06:59 PM reporting.Loggers log
INFO: By.xpath: (//div[contains(.,'Required to continue')])[5] : Element is Not Present
Jun 05, 2022 11:06:59 PM reporting.Loggers log
INFO: Current URL is : https://autoinsurance1.progressivedirect.com/0/UQA/Quote/NameAndAddressEdit
Jun 05, 2022 11:07:00 PM reporting.Loggers log
INFO: Element is Cliking : [[ChromeDriver: chrome on WINDOWS (07fd2414b64f39842a47115221327222)] -> class name: blue]
Jun 05, 2022 11:07:00 PM reporting.Loggers log
INFO: Sleeping for : 0.5 seconds zZzz..
Jun 05, 2022 11:07:02 PM reporting.Loggers log
INFO: 2022 : value has been selected from the element : [[ChromeDriver: chrome on WINDOWS (07fd2414b64f39842a47115221327222)] -> id: VehiclesNew_embedded_questions_list_Year]
Jun 05, 2022 11:07:02 PM reporting.Loggers log
INFO: Sleeping for : 0.5 seconds zZzz..
Jun 05, 2022 11:07:02 PM reporting.Loggers log
INFO: JEEP : value has been selected from the element : [[ChromeDriver: chrome on WINDOWS (07fd2414b64f39842a47115221327222)] -> id: VehiclesNew_embedded_questions_list_Make]
Jun 05, 2022 11:07:03 PM reporting.Loggers log
INFO: Sleeping for : 0.5 seconds zZzz..
Jun 05, 2022 11:07:03 PM reporting.Loggers log
INFO: CHEROKEE : value has been selected from the element : [[ChromeDriver: chrome on WINDOWS (07fd2414b64f39842a47115221327222)] -> id: VehiclesNew_embedded_questions_list_Model]
Jun 05, 2022 11:07:04 PM reporting.Loggers log
INFO: Sleeping for : 0.5 seconds zZzz..
Jun 05, 2022 11:07:04 PM reporting.Loggers log
INFO: SUV (4CYL 4X2) : value has been selected from the element : [[ChromeDriver: chrome on WINDOWS (07fd2414b64f39842a47115221327222)] -> id: VehiclesNew_embedded_questions_list_BodyStyle]
Jun 05, 2022 11:07:04 PM reporting.Loggers log
INFO: Sleeping for : 0.5 seconds zZzz..
Jun 05, 2022 11:07:04 PM reporting.Loggers log
INFO: 4TNC : value has been selected from the element : [[ChromeDriver: chrome on WINDOWS (07fd2414b64f39842a47115221327222)] -> id: VehiclesNew_embedded_questions_list_VehicleUse]
Jun 05, 2022 11:07:04 PM reporting.Loggers log
INFO: [[ChromeDriver: chrome on WINDOWS (07fd2414b64f39842a47115221327222)] -> tag name: checkbox-input] : is Not selected
Jun 05, 2022 11:07:05 PM reporting.Loggers log
INFO: Sleeping for : 0.5 seconds zZzz..
Jun 05, 2022 11:07:05 PM reporting.Loggers log
INFO: 3 : value has been selected from the element : [[ChromeDriver: chrome on WINDOWS (07fd2414b64f39842a47115221327222)] -> id: VehiclesNew_embedded_questions_list_OwnOrLease]
Jun 05, 2022 11:07:06 PM reporting.Loggers log
INFO: Sleeping for : 0.5 seconds zZzz..
Jun 05, 2022 11:07:06 PM reporting.Loggers log
INFO: E : value has been selected from the element : [[ChromeDriver: chrome on WINDOWS (07fd2414b64f39842a47115221327222)] -> id: VehiclesNew_embedded_questions_list_LengthOfOwnership]
Jun 05, 2022 11:07:06 PM reporting.Loggers log
INFO: Sleeping for : 0.5 seconds zZzz..
Jun 05, 2022 11:07:06 PM reporting.Loggers log
INFO: 5 : value has been selected from the element : [[ChromeDriver: chrome on WINDOWS (07fd2414b64f39842a47115221327222)] -> id: VehiclesNew_embedded_questions_list_AntitheftDevice]
Jun 05, 2022 11:07:17 PM reporting.Loggers log
INFO: Element is Cliking : Proxy element for: DefaultElementLocator 'By.xpath: //button[text()='Done']'
Jun 05, 2022 11:07:18 PM reporting.Loggers log
INFO: Element is Cliking : [[ChromeDriver: chrome on WINDOWS (07fd2414b64f39842a47115221327222)] -> xpath: //button[text()='Continue']]
]]></system-err>
  </testcase>
  <testcase name="autoTest[{Zip=11423, Is Ride Share?=false, Is Daytime Lamp=false, Address=10089 200th St, First Name=Jack, Middle Name=N, Vehicle Model=230, P.O.Box=false, Priary Use=4TNC, Execution=Y, DOB=01/03/1977, Apt No=5C, Alarm Type=5, Body Type=, Vehicle Make=BMW, City=Hollis, Is Day Lamp Enabled?=false, Own Or Lease=3, Test Case Name=Good Credit with Violation, Owend Duration=E, Suffix=II, Test Case No=, Vehicle Year=2022, Last Name=Jill}](2)" classname="progresive.qa.test.auto.AutoTestHashMapDataProvider" time="26.246">
    <system-err><![CDATA[Starting ChromeDriver 102.0.5005.61 (0e59bcc00cc4985ce39ad31c150065f159d95ad3-refs/branch-heads/5005@{#819}) on port 51671
Only local connections are allowed.
Please see https://chromedriver.chromium.org/security-considerations for suggestions on keeping ChromeDriver safe.
ChromeDriver was started successfully.
Jun 05, 2022 11:07:20 PM org.openqa.selenium.remote.ProtocolHandshake createSession
INFO: Detected dialect: W3C
Jun 05, 2022 11:07:20 PM org.openqa.selenium.devtools.CdpVersionFinder findNearestMatch
WARNING: Unable to find an exact match for CDP version 102, so returning the closest version found: 99
Jun 05, 2022 11:07:20 PM org.openqa.selenium.devtools.CdpVersionFinder findNearestMatch
INFO: Found CDP implementation for version 102 of 99
Jun 05, 2022 11:07:23 PM reporting.Loggers log
INFO: Element is Cliking : [[ChromeDriver: chrome on WINDOWS (72717d60ffa33e5d2d37bc3de7305409)] -> xpath: (//p[contains(text(),'Auto')])[1]]
Jun 05, 2022 11:07:23 PM reporting.Loggers log
INFO: [[ChromeDriver: chrome on WINDOWS (72717d60ffa33e5d2d37bc3de7305409)] -> tag name: h1] has text : Spring showers bring big savings
Jun 05, 2022 11:07:23 PM reporting.Loggers log
INFO: Actual : Spring showers bring big savings<<<>>>Expeted : Spring showers bring big savings
Jun 05, 2022 11:07:23 PM reporting.Loggers log
INFO: Current URL is : https://www.progressive.com/#s
Jun 05, 2022 11:07:23 PM reporting.Loggers log
INFO: 11423 : value passed to element : [[ChromeDriver: chrome on WINDOWS (72717d60ffa33e5d2d37bc3de7305409)] -> id: zipCode_overlay_subproducts]
Jun 05, 2022 11:07:23 PM reporting.Loggers log
INFO: Current URL is : https://www.progressive.com/#s
Jun 05, 2022 11:07:23 PM reporting.Loggers log
INFO: Element is Cliking : [[ChromeDriver: chrome on WINDOWS (72717d60ffa33e5d2d37bc3de7305409)] -> id: qsButton_overlay_subproducts]
Jun 05, 2022 11:07:28 PM reporting.Loggers log
INFO: Jack : value passed to element : [[ChromeDriver: chrome on WINDOWS (72717d60ffa33e5d2d37bc3de7305409)] -> id: NameAndAddressEdit_embedded_questions_list_FirstName]
Jun 05, 2022 11:07:28 PM reporting.Loggers log
INFO: N : value passed to element : [[ChromeDriver: chrome on WINDOWS (72717d60ffa33e5d2d37bc3de7305409)] -> id: NameAndAddressEdit_embedded_questions_list_MiddleInitial]
Jun 05, 2022 11:07:28 PM reporting.Loggers log
INFO: Jill : value passed to element : [[ChromeDriver: chrome on WINDOWS (72717d60ffa33e5d2d37bc3de7305409)] -> id: NameAndAddressEdit_embedded_questions_list_LastName]
Jun 05, 2022 11:07:29 PM reporting.Loggers log
INFO: Sleeping for : 0.5 seconds zZzz..
Jun 05, 2022 11:07:29 PM reporting.Loggers log
INFO: II : value has been selected from the element : [[ChromeDriver: chrome on WINDOWS (72717d60ffa33e5d2d37bc3de7305409)] -> id: NameAndAddressEdit_embedded_questions_list_Suffix]
Jun 05, 2022 11:07:29 PM reporting.Loggers log
INFO: 01/03/1977 : value passed to element : [[ChromeDriver: chrome on WINDOWS (72717d60ffa33e5d2d37bc3de7305409)] -> id: NameAndAddressEdit_embedded_questions_list_DateOfBirth]
Jun 05, 2022 11:07:29 PM reporting.Loggers log
INFO: 10089 200th St : value passed to element : [[ChromeDriver: chrome on WINDOWS (72717d60ffa33e5d2d37bc3de7305409)] -> id: NameAndAddressEdit_embedded_questions_list_MailingAddress]
Jun 05, 2022 11:07:30 PM reporting.Loggers log
INFO: 5C : value passed to element : [[ChromeDriver: chrome on WINDOWS (72717d60ffa33e5d2d37bc3de7305409)] -> id: NameAndAddressEdit_embedded_questions_list_ApartmentUnit]
Jun 05, 2022 11:07:30 PM reporting.Loggers log
INFO: Hollis : value passed to element : [[ChromeDriver: chrome on WINDOWS (72717d60ffa33e5d2d37bc3de7305409)] -> id: NameAndAddressEdit_embedded_questions_list_City]
Jun 05, 2022 11:07:30 PM reporting.Loggers log
INFO: [[ChromeDriver: chrome on WINDOWS (72717d60ffa33e5d2d37bc3de7305409)] -> tag name: checkbox-input] : is Not selected
Jun 05, 2022 11:07:30 PM reporting.Loggers log
INFO: Element is Cliking : [[ChromeDriver: chrome on WINDOWS (72717d60ffa33e5d2d37bc3de7305409)] -> class name: blue]
Jun 05, 2022 11:07:30 PM reporting.Loggers log
INFO: By.xpath: (//div[contains(.,'Required to continue')])[4] : Element is Present
Jun 05, 2022 11:07:30 PM reporting.Loggers log
INFO: Current URL is : https://autoinsurance1.progressivedirect.com/0/UQA/Quote/NameAndAddressEdit
Jun 05, 2022 11:07:30 PM reporting.Loggers log
INFO: 10089 200th St : value passed to element : [[ChromeDriver: chrome on WINDOWS (72717d60ffa33e5d2d37bc3de7305409)] -> id: NameAndAddressEdit_embedded_questions_list_MailingAddress]
Jun 05, 2022 11:07:31 PM reporting.Loggers log
INFO: 5C : value passed to element : [[ChromeDriver: chrome on WINDOWS (72717d60ffa33e5d2d37bc3de7305409)] -> id: NameAndAddressEdit_embedded_questions_list_ApartmentUnit]
Jun 05, 2022 11:07:31 PM reporting.Loggers log
INFO: By.xpath: (//div[contains(.,'Required to continue')])[5] : Element is Present
Jun 05, 2022 11:07:31 PM reporting.Loggers log
INFO: Hollis : value passed to element : [[ChromeDriver: chrome on WINDOWS (72717d60ffa33e5d2d37bc3de7305409)] -> id: NameAndAddressEdit_embedded_questions_list_City]
Jun 05, 2022 11:07:31 PM reporting.Loggers log
INFO: Current URL is : https://autoinsurance1.progressivedirect.com/0/UQA/Quote/NameAndAddressEdit
Jun 05, 2022 11:07:31 PM reporting.Loggers log
INFO: Element is Cliking : [[ChromeDriver: chrome on WINDOWS (72717d60ffa33e5d2d37bc3de7305409)] -> class name: blue]
Jun 05, 2022 11:07:31 PM reporting.Loggers log
INFO: Sleeping for : 0.5 seconds zZzz..
Jun 05, 2022 11:07:33 PM reporting.Loggers log
INFO: 2022 : value has been selected from the element : [[ChromeDriver: chrome on WINDOWS (72717d60ffa33e5d2d37bc3de7305409)] -> id: VehiclesNew_embedded_questions_list_Year]
Jun 05, 2022 11:07:34 PM reporting.Loggers log
INFO: Sleeping for : 0.5 seconds zZzz..
Jun 05, 2022 11:07:34 PM reporting.Loggers log
INFO: BMW : value has been selected from the element : [[ChromeDriver: chrome on WINDOWS (72717d60ffa33e5d2d37bc3de7305409)] -> id: VehiclesNew_embedded_questions_list_Make]
Jun 05, 2022 11:07:34 PM reporting.Loggers log
INFO: Sleeping for : 0.5 seconds zZzz..
Jun 05, 2022 11:07:35 PM reporting.Loggers log
INFO: 230 : value has been selected from the element : [[ChromeDriver: chrome on WINDOWS (72717d60ffa33e5d2d37bc3de7305409)] -> id: VehiclesNew_embedded_questions_list_Model]
Jun 05, 2022 11:07:35 PM reporting.Loggers log
INFO: Sleeping for : 0.5 seconds zZzz..
Jun 05, 2022 11:07:35 PM reporting.Loggers log
INFO: 4TNC : value has been selected from the element : [[ChromeDriver: chrome on WINDOWS (72717d60ffa33e5d2d37bc3de7305409)] -> id: VehiclesNew_embedded_questions_list_VehicleUse]
Jun 05, 2022 11:07:35 PM reporting.Loggers log
INFO: [[ChromeDriver: chrome on WINDOWS (72717d60ffa33e5d2d37bc3de7305409)] -> tag name: checkbox-input] : is Not selected
Jun 05, 2022 11:07:36 PM reporting.Loggers log
INFO: Sleeping for : 0.5 seconds zZzz..
Jun 05, 2022 11:07:36 PM reporting.Loggers log
INFO: 3 : value has been selected from the element : [[ChromeDriver: chrome on WINDOWS (72717d60ffa33e5d2d37bc3de7305409)] -> id: VehiclesNew_embedded_questions_list_OwnOrLease]
Jun 05, 2022 11:07:37 PM reporting.Loggers log
INFO: Sleeping for : 0.5 seconds zZzz..
Jun 05, 2022 11:07:37 PM reporting.Loggers log
INFO: E : value has been selected from the element : [[ChromeDriver: chrome on WINDOWS (72717d60ffa33e5d2d37bc3de7305409)] -> id: VehiclesNew_embedded_questions_list_LengthOfOwnership]
Jun 05, 2022 11:07:37 PM reporting.Loggers log
INFO: Sleeping for : 0.5 seconds zZzz..
Jun 05, 2022 11:07:37 PM reporting.Loggers log
INFO: 5 : value has been selected from the element : [[ChromeDriver: chrome on WINDOWS (72717d60ffa33e5d2d37bc3de7305409)] -> id: VehiclesNew_embedded_questions_list_AntitheftDevice]
Jun 05, 2022 11:07:48 PM reporting.Loggers log
INFO: Element is Cliking : Proxy element for: DefaultElementLocator 'By.xpath: //button[text()='Done']'
Jun 05, 2022 11:07:49 PM reporting.Loggers log
INFO: Element is Cliking : [[ChromeDriver: chrome on WINDOWS (72717d60ffa33e5d2d37bc3de7305409)] -> xpath: //button[text()='Continue']]
]]></system-err>
  </testcase>
</testsuite>